<?xml version="1.0" encoding="UTF-8"?>
<testsuite xmlns:xsi="http://www.w3.org/2001/XMLSchema-instance" xsi:noNamespaceSchemaLocation="https://maven.apache.org/surefire/maven-surefire-plugin/xsd/surefire-test-report-3.0.xsd" version="3.0" name="fakestoreapi.com.tests.ProductsTest" time="5.384" tests="16" errors="0" skipped="9" failures="0">
  <properties>
[...]
</properties>
  <testcase name="addNewProductWithStringPrice" classname="fakestoreapi.com.tests.ProductsTest" time="0.0">
    <skipped message="public void fakestoreapi.com.tests.ProductsTest.addNewProductWithStringPrice() is @Disabled"/>
  </testcase>
  <testcase name="getAllProducts" classname="fakestoreapi.com.tests.ProductsTest" time="2.414"/>
  <testcase name="addNewProductWithNumberInTitle" classname="fakestoreapi.com.tests.ProductsTest" time="0.0">
    <skipped message="public void fakestoreapi.com.tests.ProductsTest.addNewProductWithNumberInTitle() is @Disabled"/>
  </testcase>
  <testcase name="addNewProductWithoutBody" classname="fakestoreapi.com.tests.ProductsTest" time="0.0">
    <skipped message="public void fakestoreapi.com.tests.ProductsTest.addNewProductWithoutBody() is @Disabled"/>
  </testcase>
  <testcase name="addNewProductWithEmpthyPrice" classname="fakestoreapi.com.tests.ProductsTest" time="0.0">
    <skipped message="public void fakestoreapi.com.tests.ProductsTest.addNewProductWithEmpthyPrice() is @Disabled"/>
  </testcase>
  <testcase name="addNewProductWithNegativePrice" classname="fakestoreapi.com.tests.ProductsTest" time="0.0">
    <skipped message="public void fakestoreapi.com.tests.ProductsTest.addNewProductWithNegativePrice() is @Disabled"/>
  </testcase>
  <testcase name="getProductsWithIncorrectLimit" classname="fakestoreapi.com.tests.ProductsTest" time="0.406"/>
  <testcase name="addNewProduct" classname="fakestoreapi.com.tests.ProductsTest" time="0.697"/>
  <testcase name="addNewProductWithNumberCategory" classname="fakestoreapi.com.tests.ProductsTest" time="0.0">
    <skipped message="public void fakestoreapi.com.tests.ProductsTest.addNewProductWithNumberCategory() is @Disabled"/>
  </testcase>
  <testcase name="addNewProductWithOwnId" classname="fakestoreapi.com.tests.ProductsTest" time="0.41"/>
  <testcase name="addNewProductWithEmpthyCategory" classname="fakestoreapi.com.tests.ProductsTest" time="0.0">
    <skipped message="public void fakestoreapi.com.tests.ProductsTest.addNewProductWithEmpthyCategory() is @Disabled"/>
  </testcase>
  <testcase name="addNewProductWithEmptyBody" classname="fakestoreapi.com.tests.ProductsTest" time="0.0">
    <skipped message="public void fakestoreapi.com.tests.ProductsTest.addNewProductWithEmptyBody() is @Disabled"/>
  </testcase>
  <testcase name="addNewProductWithEmptyTitle" classname="fakestoreapi.com.tests.ProductsTest" time="0.0">
    <skipped message="public void fakestoreapi.com.tests.ProductsTest.addNewProductWithEmptyTitle() is @Disabled"/>
  </testcase>
  <testcase name="getProductsWithIncorrectEndpoint" classname="fakestoreapi.com.tests.ProductsTest" time="0.386"/>
  <testcase name="getFourProducts" classname="fakestoreapi.com.tests.ProductsTest" time="0.366"/>
  <testcase name="addNewProductWithNewField" classname="fakestoreapi.com.tests.ProductsTest" time="0.335"/>
</testsuite>